<?xml version="1.0" encoding="UTF-8"?>
<testng-results total="1" passed="1" failed="0" skipped="0">
  <reporter-output>
  </reporter-output>
  <suite started-at="2021-12-01T14:42:54Z" name="Default suite" finished-at="2021-12-01T14:43:50Z" duration-ms="55295">
    <groups>
    </groups>
    <test started-at="2021-12-01T14:42:54Z" name="Default test" finished-at="2021-12-01T14:43:50Z" duration-ms="55295">
      <class name="Testcase.LoginApplication">
        <test-method signature="Login()[pri:0, instance:Testcase.LoginApplication@4eaf3684]" started-at="2021-12-01T20:12:54Z" name="Login" finished-at="2021-12-01T20:13:50Z" duration-ms="55277" status="PASS">
          <reporter-output>
          </reporter-output>
        </test-method> <!-- Login -->
      </class> <!-- Testcase.LoginApplication -->
    </test> <!-- Default test -->
  </suite> <!-- Default suite -->
</testng-results>
